#
# There is insufficient memory for the Java Runtime Environment to continue.
# Native memory allocation (mmap) failed to map 264241152 bytes for G1 virtual space
# Possible reasons:
#   The system is out of physical RAM or swap space
#   The process is running with CompressedOops enabled, and the Java Heap may be blocking the growth of the native heap
# Possible solutions:
#   Reduce memory load on the system
#   Increase physical memory or swap space
#   Check if swap backing store is full
#   Decrease Java heap size (-Xmx/-Xms)
#   Decrease number of Java threads
#   Decrease Java thread stack sizes (-Xss)
#   Set larger code cache with -XX:ReservedCodeCacheSize=
#   JVM is running with Unscaled Compressed Oops mode in which the Java heap is
#     placed in the first 4GB address space. The Java Heap base address is the
#     maximum limit for the native heap growth. Please use -XX:HeapBaseMinAddress
#     to set the Java Heap base and to place the Java Heap above 4GB virtual address.
# This output file may be truncated or incomplete.
#
#  Out of Memory Error (os_windows.cpp:3548), pid=24108, tid=25844
#
# JRE version:  (17.0.5+8) (build )
# Java VM: OpenJDK 64-Bit Server VM (17.0.5+8, mixed mode, emulated-client, sharing, tiered, compressed oops, compressed class ptrs, g1 gc, windows-amd64)
# No core dump will be written. Minidumps are not enabled by default on client versions of Windows
#

---------------  S U M M A R Y ------------

Command Line: -XX:+HeapDumpOnOutOfMemoryError -Xmx1024m -Dsts.lsp.client=vscode -Dsts.log.file=/dev/null -XX:TieredStopAtLevel=1 -Xlog:jni+resolve=off -Dspring.config.location=file:c:\Users\Joel\.vscode\extensions\vmware.vscode-spring-boot-1.44.0\language-server\BOOT-INF\classes\application.properties org.springframework.ide.vscode.boot.app.BootLanguageServerBootApp

Host: Intel(R) Core(TM) i7-8565U CPU @ 1.80GHz, 8 cores, 15G,  Windows 10 , 64 bit Build 18362 (10.0.18362.1500)
Time: Fri Feb 17 00:29:44 2023 SE Asia Standard Time elapsed time: 3.721003 seconds (0d 0h 0m 3s)

---------------  T H R E A D  ---------------

Current thread (0x0000027ba32b8080):  JavaThread "Unknown thread" [_thread_in_vm, id=25844, stack(0x000000a044a00000,0x000000a044b00000)]

Stack: [0x000000a044a00000,0x000000a044b00000]
Native frames: (J=compiled Java code, j=interpreted, Vv=VM code, C=native code)
V  [jvm.dll+0x676b3a]
V  [jvm.dll+0x831444]
V  [jvm.dll+0x832bee]
V  [jvm.dll+0x833253]
V  [jvm.dll+0x244ce5]
V  [jvm.dll+0x673a49]
V  [jvm.dll+0x66811a]
V  [jvm.dll+0x303ceb]
V  [jvm.dll+0x30b1e6]
V  [jvm.dll+0x35adbe]
V  [jvm.dll+0x35afef]
V  [jvm.dll+0x2dab88]
V  [jvm.dll+0x2dbaf4]
V  [jvm.dll+0x803121]
V  [jvm.dll+0x368bb1]
V  [jvm.dll+0x7e265c]
V  [jvm.dll+0x3eb17f]
V  [jvm.dll+0x3eccc1]
C  [jli.dll+0x5267]
C  [ucrtbase.dll+0x210b2]
C  [KERNEL32.DLL+0x17c24]
C  [ntdll.dll+0x6d721]


---------------  P R O C E S S  ---------------

Threads class SMR info:
_java_thread_list=0x00007fffc4a02f18, length=0, elements={
}

Java Threads: ( => current thread )

Other Threads:
  0x0000027ba32f7720 GCTaskThread "GC Thread#0" [stack: 0x000000a044b00000,0x000000a044c00000] [id=22160]
  0x0000027ba3301580 ConcurrentGCThread "G1 Main Marker" [stack: 0x000000a044c00000,0x000000a044d00000] [id=7072]
  0x0000027ba3301ea0 ConcurrentGCThread "G1 Conc#0" [stack: 0x000000a044d00000,0x000000a044e00000] [id=23632]

[error occurred during error reporting (printing all threads), id 0xc0000005, EXCEPTION_ACCESS_VIOLATION (0xc0000005) at pc=0x00007fffc41db617]

VM state: not at safepoint (not fully initialized)

VM Mutex/Monitor currently owned by a thread:  ([mutex/lock_event])
[0x0000027ba32b5960] Heap_lock - owner thread: 0x0000027ba32b8080

Heap address: 0x00000000c0000000, size: 1024 MB, Compressed Oops mode: 32-bit

CDS archive(s) mapped at: [0x0000000000000000-0x0000000000000000-0x0000000000000000), size 0, SharedBaseAddress: 0x0000000800000000, ArchiveRelocationMode: 0.
Narrow klass base: 0x0000000000000000, Narrow klass shift: 0, Narrow klass range: 0x0

GC Precious Log:
<Empty>

Heap:
 garbage-first heap   total 0K, used 0K [0x00000000c0000000, 0x0000000100000000)
  region size 1024K, 0 young (0K), 0 survivors (0K)

[error occurred during error reporting (printing heap information), id 0xc0000005, EXCEPTION_ACCESS_VIOLATION (0xc0000005) at pc=0x00007fffc45bfcb9]

GC Heap History (0 events):
No events

Dll operation events (1 events):
Event: 2.098 Loaded shared library c:\Users\Joel\.vscode\extensions\redhat.java-1.14.0-win32-x64\jre\17.0.5-win32-x86_64\bin\java.dll

Deoptimization events (0 events):
No events

Classes unloaded (0 events):
No events

Classes redefined (0 events):
No events

Internal exceptions (0 events):
No events

VM Operations (0 events):
No events

Events (0 events):
No events


Dynamic libraries:
0x00007ff7671f0000 - 0x00007ff7671fe000 	c:\Users\Joel\.vscode\extensions\redhat.java-1.14.0-win32-x64\jre\17.0.5-win32-x86_64\bin\java.exe
0x00007ff833000000 - 0x00007ff8331f0000 	C:\WINDOWS\SYSTEM32\ntdll.dll
0x00007ff831dd0000 - 0x00007ff831e82000 	C:\WINDOWS\System32\KERNEL32.DLL
0x00007ff830380000 - 0x00007ff830625000 	C:\WINDOWS\System32\KERNELBASE.dll
0x00007ff830080000 - 0x00007ff83017a000 	C:\WINDOWS\System32\ucrtbase.dll
0x00007ff81ce50000 - 0x00007ff81ce67000 	c:\Users\Joel\.vscode\extensions\redhat.java-1.14.0-win32-x64\jre\17.0.5-win32-x86_64\bin\jli.dll
0x00007ff8310b0000 - 0x00007ff831244000 	C:\WINDOWS\System32\USER32.dll
0x00007ff830630000 - 0x00007ff830651000 	C:\WINDOWS\System32\win32u.dll
0x00007ff832700000 - 0x00007ff832726000 	C:\WINDOWS\System32\GDI32.dll
0x00007ff830660000 - 0x00007ff8307f8000 	C:\WINDOWS\System32\gdi32full.dll
0x00007ff8302e0000 - 0x00007ff83037e000 	C:\WINDOWS\System32\msvcp_win.dll
0x00007ff814850000 - 0x00007ff814ad4000 	C:\WINDOWS\WinSxS\amd64_microsoft.windows.common-controls_6595b64144ccf1df_6.0.18362.1556_none_9e7e372fe45e41d5\COMCTL32.dll
0x00007ff832510000 - 0x00007ff8325ae000 	C:\WINDOWS\System32\msvcrt.dll
0x00007ff831eb0000 - 0x00007ff8321e6000 	C:\WINDOWS\System32\combase.dll
0x00007ff8327d0000 - 0x00007ff8328ef000 	C:\WINDOWS\System32\RPCRT4.dll
0x00007ff830830000 - 0x00007ff8308b1000 	C:\WINDOWS\System32\bcryptPrimitives.dll
0x00007ff81ce30000 - 0x00007ff81ce49000 	c:\Users\Joel\.vscode\extensions\redhat.java-1.14.0-win32-x64\jre\17.0.5-win32-x86_64\bin\VCRUNTIME140.dll
0x00007ff8327a0000 - 0x00007ff8327ce000 	C:\WINDOWS\System32\IMM32.DLL
0x00007ff828dc0000 - 0x00007ff828f6a000 	C:\WINDOWS\system32\tmumh\20019\AddOn\8.20.0.1028\TmUmEvt64.dll
0x00007ff832670000 - 0x00007ff832678000 	C:\WINDOWS\System32\PSAPI.DLL
0x00007ff8324b0000 - 0x00007ff832502000 	C:\WINDOWS\System32\SHLWAPI.dll
0x00007ff831ca0000 - 0x00007ff831d43000 	C:\WINDOWS\System32\ADVAPI32.dll
0x00007ff832200000 - 0x00007ff832297000 	C:\WINDOWS\System32\sechost.dll
0x0000000056c80000 - 0x0000000056de6000 	C:\WINDOWS\system32\tmumh\20019\TmMon\2.7.3.1024\tmmon64.dll
0x0000000068000000 - 0x0000000068072000 	C:\WINDOWS\System32\QIPCAP64.dll
0x00007ff831320000 - 0x00007ff831a07000 	C:\WINDOWS\System32\SHELL32.dll
0x00007ff8308e0000 - 0x00007ff83092a000 	C:\WINDOWS\System32\cfgmgr32.dll
0x00007ff8325c0000 - 0x00007ff832668000 	C:\WINDOWS\System32\shcore.dll
0x00007ff830930000 - 0x00007ff8310ab000 	C:\WINDOWS\System32\windows.storage.dll
0x00007ff82fee0000 - 0x00007ff82fefe000 	C:\WINDOWS\System32\profapi.dll
0x00007ff82ff20000 - 0x00007ff82ff6a000 	C:\WINDOWS\System32\powrprof.dll
0x00007ff82feb0000 - 0x00007ff82fec0000 	C:\WINDOWS\System32\UMPDC.dll
0x00007ff82ff00000 - 0x00007ff82ff11000 	C:\WINDOWS\System32\kernel.appcore.dll
0x00007ff8308c0000 - 0x00007ff8308d7000 	C:\WINDOWS\System32\cryptsp.dll
0x00007ff82f3e0000 - 0x00007ff82f4ab000 	C:\WINDOWS\SYSTEM32\DNSAPI.dll
0x00007ff832730000 - 0x00007ff83279f000 	C:\WINDOWS\System32\WS2_32.dll
0x00007ff8321f0000 - 0x00007ff8321f8000 	C:\WINDOWS\System32\NSI.dll
0x00007ff82f3a0000 - 0x00007ff82f3da000 	C:\WINDOWS\SYSTEM32\IPHLPAPI.DLL
0x00007ff827dc0000 - 0x00007ff827dcc000 	c:\Users\Joel\.vscode\extensions\redhat.java-1.14.0-win32-x64\jre\17.0.5-win32-x86_64\bin\vcruntime140_1.dll
0x00007fffe8ae0000 - 0x00007fffe8b71000 	c:\Users\Joel\.vscode\extensions\redhat.java-1.14.0-win32-x64\jre\17.0.5-win32-x86_64\bin\msvcp140.dll
0x00007fffc3ef0000 - 0x00007fffc4b34000 	c:\Users\Joel\.vscode\extensions\redhat.java-1.14.0-win32-x64\jre\17.0.5-win32-x86_64\bin\server\jvm.dll
0x00007ff812e80000 - 0x00007ff812e89000 	C:\WINDOWS\SYSTEM32\WSOCK32.dll
0x00007ff82ddb0000 - 0x00007ff82ddd4000 	C:\WINDOWS\SYSTEM32\WINMM.dll
0x00007ff821b80000 - 0x00007ff821b8a000 	C:\WINDOWS\SYSTEM32\VERSION.dll
0x00007ff82a890000 - 0x00007ff82a8bd000 	C:\WINDOWS\SYSTEM32\WINMMBASE.dll
0x00007ff822e50000 - 0x00007ff822e5a000 	c:\Users\Joel\.vscode\extensions\redhat.java-1.14.0-win32-x64\jre\17.0.5-win32-x86_64\bin\jimage.dll
0x00007ff82e620000 - 0x00007ff82e814000 	C:\WINDOWS\SYSTEM32\DBGHELP.DLL
0x00007ff817aa0000 - 0x00007ff817aca000 	C:\WINDOWS\SYSTEM32\dbgcore.DLL
0x00007ffff7a10000 - 0x00007ffff7a35000 	c:\Users\Joel\.vscode\extensions\redhat.java-1.14.0-win32-x64\jre\17.0.5-win32-x86_64\bin\java.dll

dbghelp: loaded successfully - version: 4.0.5 - missing functions: none
symbol engine: initialized successfully - sym options: 0x614 - pdb path: .;c:\Users\Joel\.vscode\extensions\redhat.java-1.14.0-win32-x64\jre\17.0.5-win32-x86_64\bin;C:\WINDOWS\SYSTEM32;C:\WINDOWS\WinSxS\amd64_microsoft.windows.common-controls_6595b64144ccf1df_6.0.18362.1556_none_9e7e372fe45e41d5;C:\WINDOWS\system32\tmumh\20019\AddOn\8.20.0.1028;C:\WINDOWS\system32\tmumh\20019\TmMon\2.7.3.1024;c:\Users\Joel\.vscode\extensions\redhat.java-1.14.0-win32-x64\jre\17.0.5-win32-x86_64\bin\server

VM Arguments:
jvm_args: -XX:+HeapDumpOnOutOfMemoryError -Xmx1024m -Dsts.lsp.client=vscode -Dsts.log.file=/dev/null -XX:TieredStopAtLevel=1 -Xlog:jni+resolve=off -Dspring.config.location=file:c:\Users\Joel\.vscode\extensions\vmware.vscode-spring-boot-1.44.0\language-server\BOOT-INF\classes\application.properties 
java_command: org.springframework.ide.vscode.boot.app.BootLanguageServerBootApp
java_class_path (initial): c:\Users\Joel\.vscode\extensions\vmware.vscode-spring-boot-1.44.0\language-server\BOOT-INF\classes;c:\Users\Joel\.vscode\extensions\vmware.vscode-spring-boot-1.44.0\language-server\BOOT-INF\lib\annotations-24.0.0.jar;c:\Users\Joel\.vscode\extensions\vmware.vscode-spring-boot-1.44.0\language-server\BOOT-INF\lib\ant-1.10.13.jar;c:\Users\Joel\.vscode\extensions\vmware.vscode-spring-boot-1.44.0\language-server\BOOT-INF\lib\ant-launcher-1.10.13.jar;c:\Users\Joel\.vscode\extensions\vmware.vscode-spring-boot-1.44.0\language-server\BOOT-INF\lib\antlr-runtime-3.5.2.jar;c:\Users\Joel\.vscode\extensions\vmware.vscode-spring-boot-1.44.0\language-server\BOOT-INF\lib\antlr4-4.9.3.jar;c:\Users\Joel\.vscode\extensions\vmware.vscode-spring-boot-1.44.0\language-server\BOOT-INF\lib\antlr4-runtime-4.9.3.jar;c:\Users\Joel\.vscode\extensions\vmware.vscode-spring-boot-1.44.0\language-server\BOOT-INF\lib\apiguardian-api-1.1.2.jar;c:\Users\Joel\.vscode\extensions\vmware.vscode-spring-boot-1.44.0\language-server\BOOT-INF\lib\asm-9.4.jar;c:\Users\Joel\.vscode\extensions\vmware.vscode-spring-boot-1.44.0\language-server\BOOT-INF\lib\asm-analysis-9.4.jar;c:\Users\Joel\.vscode\extensions\vmware.vscode-spring-boot-1.44.0\language-server\BOOT-INF\lib\asm-tree-9.4.jar;c:\Users\Joel\.vscode\extensions\vmware.vscode-spring-boot-1.44.0\language-server\BOOT-INF\lib\asm-util-9.4.jar;c:\Users\Joel\.vscode\extensions\vmware.vscode-spring-boot-1.44.0\language-server\BOOT-INF\lib\caffeine-3.1.2.jar;c:\Users\Joel\.vscode\extensions\vmware.vscode-spring-boot-1.44.0\language-server\BOOT-INF\lib\checker-qual-3.12.0.jar;c:\Users\Joel\.vscode\extensions\vmware.vscode-spring-boot-1.44.0\language-server\BOOT-INF\lib\ci-environment-9.1.0.jar;c:\Users\Joel\.vscode\extensions\vmware.vscode-spring-boot-1.44.0\language-server\BOOT-INF\lib\classgraph-4.8.149.jar;c:\Users\Joel\.vscode\extensions\vmware.vscode-spring-boot-1.44.0\language-server\BOOT-INF\lib\commons-codec-1.15.jar;c:\Users\Joel\.
Launcher Type: SUN_STANDARD

[Global flags]
     intx CICompilerCount                          = 4                                         {product} {ergonomic}
     uint ConcGCThreads                            = 2                                         {product} {ergonomic}
     uint G1ConcRefinementThreads                  = 8                                         {product} {ergonomic}
   size_t G1HeapRegionSize                         = 1048576                                   {product} {ergonomic}
    uintx GCDrainStackTargetSize                   = 64                                        {product} {ergonomic}
     bool HeapDumpOnOutOfMemoryError               = true                                   {manageable} {command line}
   size_t InitialHeapSize                          = 264241152                                 {product} {ergonomic}
   size_t MarkStackSize                            = 4194304                                   {product} {ergonomic}
   size_t MaxHeapSize                              = 1073741824                                {product} {command line}
   size_t MinHeapDeltaBytes                        = 1048576                                   {product} {ergonomic}
   size_t MinHeapSize                              = 8388608                                   {product} {ergonomic}
    uintx NonProfiledCodeHeapSize                  = 0                                      {pd product} {ergonomic}
     bool ProfileInterpreter                       = false                                  {pd product} {command line}
    uintx ProfiledCodeHeapSize                     = 0                                      {pd product} {ergonomic}
   size_t SoftMaxHeapSize                          = 1073741824                             {manageable} {ergonomic}
     intx TieredStopAtLevel                        = 1                                         {product} {command line}
     bool UseCompressedClassPointers               = true                           {product lp64_product} {ergonomic}
     bool UseCompressedOops                        = true                           {product lp64_product} {ergonomic}
     bool UseG1GC                                  = true                                      {product} {ergonomic}
     bool UseLargePagesIndividualAllocation        = false                                  {pd product} {ergonomic}

Logging:
Log output configuration:
 #0: stdout all=warning,jni+resolve=off uptime,level,tags (reconfigured)
 #1: stderr all=off uptime,level,tags

Environment Variables:
JAVA_HOME=C:\Program Files\Java\jdk1.8.0_221
PATH=C:\Program Files (x86)\Common Files\Oracle\Java\javapath;C:\WINDOWS\system32;C:\WINDOWS;C:\WINDOWS\System32\Wbem;C:\WINDOWS\System32\WindowsPowerShell\v1.0\;C:\WINDOWS\System32\OpenSSH\;C:\Program Files (x86)\Yarn\bin\;C:\Program Files\Intel\WiFi\bin\;C:\Program Files\Common Files\Intel\WirelessCommon\;C:\Users\Joel\Downloads\apache-maven-3.8.1\bin;C:\Program Files\Java\jdk1.8.0_221;C:\Program Files\PuTTY\;C:\laragon\bin\php\php-8.1.10-Win32-vs16-x64;C:\composer;C:\Program Files\TortoiseSVN\bin;C:\Program Files\nodejs\;C:\Program Files\PostgreSQL\15\bin;C:\Program Files\Git\cmd;C:\Program Files\Go\bin;C:\Users\Joel\AppData\Local\Microsoft\WindowsApps;C:\Users\Joel\AppData\Local\Yarn\bin;C:\Program Files\Git\cmd;C:\Program Files\nodejs;C:\Program Files\nodejs\node_modules\npm\bin;C:\Program Files\Java\jdk1.8.0_221\bin;C:\Users\Joel\AppData\Local\Android\Sdk;C:\Program Files (x86)\Yarn\bin;C:\Users\Joel\AppData\Local\Android\Sdk\platform-tools;C:\Users\Joel\Downloads\apache-maven-3.8.1\bin;C:\Users\Joel\AppData\Local\GitHubDesktop\bin;C:\Users\Joel\AppData\Roaming\Composer\vendor\bin;C:\Users\Joel\AppData\Roaming\npm;C:\Program Files\Microsoft VS Code\bin;C:\Users\Joel\go\bin;C:\Program Files\JetBrains\IntelliJ IDEA 2022.3.2\bin;
USERNAME=Joel
OS=Windows_NT
PROCESSOR_IDENTIFIER=Intel64 Family 6 Model 142 Stepping 11, GenuineIntel
TMP=C:\Users\Joel\AppData\Local\Temp
TEMP=C:\Users\Joel\AppData\Local\Temp



---------------  S Y S T E M  ---------------

OS:
 Windows 10 , 64 bit Build 18362 (10.0.18362.1500)
OS uptime: 14 days 14:22 hours

CPU: total 8 (initial active 8) (4 cores per cpu, 2 threads per core) family 6 model 142 stepping 11 microcode 0xde, cx8, cmov, fxsr, ht, mmx, 3dnowpref, sse, sse2, sse3, ssse3, sse4.1, sse4.2, popcnt, lzcnt, tsc, tscinvbit, avx, avx2, aes, erms, clmul, bmi1, bmi2, adx, fma, vzeroupper, clflush, clflushopt

Memory: 4k page, system-wide physical 16099M (7934M free)
TotalPageFile size 31734M (AvailPageFile size 11153M)
current process WorkingSet (physical memory assigned to process): 14M, peak: 14M
current process commit charge ("private bytes"): 58M, peak: 310M

vm_info: OpenJDK 64-Bit Server VM (17.0.5+8) for windows-amd64 JRE (17.0.5+8), built on Oct 19 2022 04:48:13 by "temurin" with MS VC++ 16.7 (VS2019)

END.
